[0.071s] DEBUG:colcon:Command line arguments: ['/usr/bin/colcon', 'build', '--packages-select', 'my_class_pkg']
[0.071s] DEBUG:colcon:Parsed command line arguments: Namespace(log_base=None, log_level=None, verb_name='build', build_base='build', install_base='install', merge_install=False, symlink_install=False, test_result_base=None, continue_on_error=False, executor='parallel', parallel_workers=8, event_handlers=None, ignore_user_meta=False, metas=['./colcon.meta'], base_paths=['.'], packages_ignore=None, packages_ignore_regex=None, paths=None, packages_up_to=None, packages_up_to_regex=None, packages_above=None, packages_above_and_dependencies=None, packages_above_depth=None, packages_select_by_dep=None, packages_skip_by_dep=None, packages_skip_up_to=None, packages_select_build_failed=False, packages_skip_build_finished=False, packages_select_test_failures=False, packages_skip_test_passed=False, packages_select=['my_class_pkg'], packages_skip=None, packages_select_regex=None, packages_skip_regex=None, packages_start=None, packages_end=None, allow_overriding=[], cmake_args=None, cmake_target=None, cmake_target_skip_unavailable=False, cmake_clean_cache=False, cmake_clean_first=False, cmake_force_configure=False, ament_cmake_args=None, catkin_cmake_args=None, catkin_skip_building_tests=False, verb_parser=<colcon_defaults.argument_parser.defaults.DefaultArgumentsDecorator object at 0x7ba4f96e74c0>, verb_extension=<colcon_core.verb.build.BuildVerb object at 0x7ba4f982c9d0>, main=<bound method BuildVerb.main of <colcon_core.verb.build.BuildVerb object at 0x7ba4f982c9d0>>)
[0.171s] Level 1:colcon.colcon_core.package_discovery:discover_packages(colcon_meta) check parameters
[0.172s] Level 1:colcon.colcon_core.package_discovery:discover_packages(recursive) check parameters
[0.172s] Level 1:colcon.colcon_core.package_discovery:discover_packages(ignore) check parameters
[0.172s] Level 1:colcon.colcon_core.package_discovery:discover_packages(path) check parameters
[0.172s] Level 1:colcon.colcon_core.package_discovery:discover_packages(colcon_meta) discover
[0.172s] Level 1:colcon.colcon_core.package_discovery:discover_packages(recursive) discover
[0.172s] INFO:colcon.colcon_core.package_discovery:Crawling recursively for packages in '/home/wx/wx_ros_class_ws/src/my_class_pkg'
[0.172s] Level 1:colcon.colcon_core.package_identification:_identify(.) by extensions ['ignore', 'ignore_ament_install']
[0.172s] Level 1:colcon.colcon_core.package_identification:_identify(.) by extension 'ignore'
[0.172s] Level 1:colcon.colcon_core.package_identification:_identify(.) by extension 'ignore_ament_install'
[0.172s] Level 1:colcon.colcon_core.package_identification:_identify(.) by extensions ['colcon_pkg']
[0.172s] Level 1:colcon.colcon_core.package_identification:_identify(.) by extension 'colcon_pkg'
[0.172s] Level 1:colcon.colcon_core.package_identification:_identify(.) by extensions ['colcon_meta']
[0.172s] Level 1:colcon.colcon_core.package_identification:_identify(.) by extension 'colcon_meta'
[0.172s] Level 1:colcon.colcon_core.package_identification:_identify(.) by extensions ['ros']
[0.172s] Level 1:colcon.colcon_core.package_identification:_identify(.) by extension 'ros'
[0.185s] DEBUG:colcon.colcon_core.package_identification:Package '.' with type 'ros.ament_cmake' and name 'my_class_pkg'
[0.185s] Level 1:colcon.colcon_core.package_discovery:discover_packages(recursive) using defaults
[0.185s] Level 1:colcon.colcon_core.package_discovery:discover_packages(ignore) discover
[0.185s] Level 1:colcon.colcon_core.package_discovery:discover_packages(ignore) using defaults
[0.185s] Level 1:colcon.colcon_core.package_discovery:discover_packages(path) discover
[0.185s] Level 1:colcon.colcon_core.package_discovery:discover_packages(path) using defaults
[0.198s] Level 1:colcon.colcon_core.package_discovery:discover_packages(prefix_path) check parameters
[0.198s] Level 1:colcon.colcon_core.package_discovery:discover_packages(prefix_path) discover
[0.199s] DEBUG:colcon.colcon_installed_package_information.package_discovery:Found 1 installed packages in /home/wx/wx_ros_class_ws/install
[0.199s] DEBUG:colcon.colcon_installed_package_information.package_discovery:Found 272 installed packages in /opt/ros/humble
[0.201s] Level 1:colcon.colcon_core.package_discovery:discover_packages(prefix_path) using defaults
[0.232s] Level 5:colcon.colcon_core.verb:set package 'my_class_pkg' build argument 'cmake_args' from command line to 'None'
[0.232s] Level 5:colcon.colcon_core.verb:set package 'my_class_pkg' build argument 'cmake_target' from command line to 'None'
[0.232s] Level 5:colcon.colcon_core.verb:set package 'my_class_pkg' build argument 'cmake_target_skip_unavailable' from command line to 'False'
[0.232s] Level 5:colcon.colcon_core.verb:set package 'my_class_pkg' build argument 'cmake_clean_cache' from command line to 'False'
[0.232s] Level 5:colcon.colcon_core.verb:set package 'my_class_pkg' build argument 'cmake_clean_first' from command line to 'False'
[0.232s] Level 5:colcon.colcon_core.verb:set package 'my_class_pkg' build argument 'cmake_force_configure' from command line to 'False'
[0.232s] Level 5:colcon.colcon_core.verb:set package 'my_class_pkg' build argument 'ament_cmake_args' from command line to 'None'
[0.232s] Level 5:colcon.colcon_core.verb:set package 'my_class_pkg' build argument 'catkin_cmake_args' from command line to 'None'
[0.232s] Level 5:colcon.colcon_core.verb:set package 'my_class_pkg' build argument 'catkin_skip_building_tests' from command line to 'False'
[0.232s] DEBUG:colcon.colcon_core.verb:Building package 'my_class_pkg' with the following arguments: {'ament_cmake_args': None, 'build_base': '/home/wx/wx_ros_class_ws/src/my_class_pkg/build/my_class_pkg', 'catkin_cmake_args': None, 'catkin_skip_building_tests': False, 'cmake_args': None, 'cmake_clean_cache': False, 'cmake_clean_first': False, 'cmake_force_configure': False, 'cmake_target': None, 'cmake_target_skip_unavailable': False, 'install_base': '/home/wx/wx_ros_class_ws/src/my_class_pkg/install/my_class_pkg', 'merge_install': False, 'path': '/home/wx/wx_ros_class_ws/src/my_class_pkg', 'symlink_install': False, 'test_result_base': None}
[0.232s] INFO:colcon.colcon_core.executor:Executing jobs using 'parallel' executor
[0.233s] DEBUG:colcon.colcon_parallel_executor.executor.parallel:run_until_complete
[0.233s] INFO:colcon.colcon_ros.task.ament_cmake.build:Building ROS package in '/home/wx/wx_ros_class_ws/src/my_class_pkg' with build type 'ament_cmake'
[0.233s] INFO:colcon.colcon_cmake.task.cmake.build:Building CMake package in '/home/wx/wx_ros_class_ws/src/my_class_pkg'
[0.234s] INFO:colcon.colcon_core.plugin_system:Skipping extension 'colcon_core.shell.bat': Not used on non-Windows systems
[0.235s] INFO:colcon.colcon_core.shell:Skip shell extension 'powershell' for command environment: Not usable outside of PowerShell
[0.235s] DEBUG:colcon.colcon_core.shell:Skip shell extension 'dsv' for command environment
[0.236s] DEBUG:colcon.colcon_core.shell:Ignoring prefix path '/home/wx/robotics_ws/devel'
[0.240s] DEBUG:colcon.colcon_core.event_handler.log_command:Invoking command in '/home/wx/wx_ros_class_ws/src/my_class_pkg/build/my_class_pkg': CMAKE_PREFIX_PATH=/home/wx/wx_ros_class_ws/install/my_class_pkg:/opt/ros/humble:/home/wx/robotics_ws/devel:/opt/ros/noetic /usr/bin/cmake /home/wx/wx_ros_class_ws/src/my_class_pkg -DCMAKE_INSTALL_PREFIX=/home/wx/wx_ros_class_ws/src/my_class_pkg/install/my_class_pkg
[0.987s] DEBUG:colcon.colcon_core.event_handler.log_command:Invoked command in '/home/wx/wx_ros_class_ws/src/my_class_pkg/build/my_class_pkg' returned '1': CMAKE_PREFIX_PATH=/home/wx/wx_ros_class_ws/install/my_class_pkg:/opt/ros/humble:/home/wx/robotics_ws/devel:/opt/ros/noetic /usr/bin/cmake /home/wx/wx_ros_class_ws/src/my_class_pkg -DCMAKE_INSTALL_PREFIX=/home/wx/wx_ros_class_ws/src/my_class_pkg/install/my_class_pkg
[0.995s] Level 1:colcon.colcon_core.environment:create_environment_scripts_only(my_class_pkg)
[0.997s] Level 1:colcon.colcon_core.environment:checking '/home/wx/wx_ros_class_ws/src/my_class_pkg/install/my_class_pkg' for CMake module files
[0.997s] Level 1:colcon.colcon_core.environment:checking '/home/wx/wx_ros_class_ws/src/my_class_pkg/install/my_class_pkg' for CMake config files
[0.997s] Level 1:colcon.colcon_core.environment:checking '/home/wx/wx_ros_class_ws/src/my_class_pkg/install/my_class_pkg/bin'
[0.997s] Level 1:colcon.colcon_core.environment:checking '/home/wx/wx_ros_class_ws/src/my_class_pkg/install/my_class_pkg/lib/pkgconfig/my_class_pkg.pc'
[0.997s] Level 1:colcon.colcon_core.environment:checking '/home/wx/wx_ros_class_ws/src/my_class_pkg/install/my_class_pkg/lib/python3.10/site-packages'
[0.997s] Level 1:colcon.colcon_core.environment:checking '/home/wx/wx_ros_class_ws/src/my_class_pkg/install/my_class_pkg/bin'
[0.998s] INFO:colcon.colcon_core.shell:Creating package script '/home/wx/wx_ros_class_ws/src/my_class_pkg/install/my_class_pkg/share/my_class_pkg/package.ps1'
[0.998s] INFO:colcon.colcon_core.shell:Creating package descriptor '/home/wx/wx_ros_class_ws/src/my_class_pkg/install/my_class_pkg/share/my_class_pkg/package.dsv'
[0.998s] INFO:colcon.colcon_core.shell:Creating package script '/home/wx/wx_ros_class_ws/src/my_class_pkg/install/my_class_pkg/share/my_class_pkg/package.sh'
[0.999s] INFO:colcon.colcon_core.shell:Creating package script '/home/wx/wx_ros_class_ws/src/my_class_pkg/install/my_class_pkg/share/my_class_pkg/package.bash'
[0.999s] INFO:colcon.colcon_core.shell:Creating package script '/home/wx/wx_ros_class_ws/src/my_class_pkg/install/my_class_pkg/share/my_class_pkg/package.zsh'
[1.000s] Level 1:colcon.colcon_core.environment:create_file_with_runtime_dependencies(/home/wx/wx_ros_class_ws/src/my_class_pkg/install/my_class_pkg/share/colcon-core/packages/my_class_pkg)
[1.000s] DEBUG:colcon.colcon_parallel_executor.executor.parallel:closing loop
[1.000s] DEBUG:colcon.colcon_parallel_executor.executor.parallel:loop closed
[1.000s] DEBUG:colcon.colcon_parallel_executor.executor.parallel:run_until_complete finished with '1'
[1.000s] DEBUG:colcon.colcon_core.event_reactor:joining thread
[1.003s] INFO:colcon.colcon_core.plugin_system:Skipping extension 'colcon_notification.desktop_notification.terminal_notifier': Not used on non-Darwin systems
[1.003s] INFO:colcon.colcon_core.plugin_system:Skipping extension 'colcon_notification.desktop_notification.win32': Not used on non-Windows systems
[1.003s] INFO:colcon.colcon_notification.desktop_notification:Sending desktop notification using 'notify2'
[1.011s] DEBUG:colcon.colcon_core.event_reactor:joined thread
[1.011s] INFO:colcon.colcon_core.shell:Creating prefix script '/home/wx/wx_ros_class_ws/src/my_class_pkg/install/local_setup.ps1'
[1.012s] INFO:colcon.colcon_core.shell:Creating prefix util module '/home/wx/wx_ros_class_ws/src/my_class_pkg/install/_local_setup_util_ps1.py'
[1.014s] INFO:colcon.colcon_core.shell:Creating prefix chain script '/home/wx/wx_ros_class_ws/src/my_class_pkg/install/setup.ps1'
[1.014s] INFO:colcon.colcon_core.shell:Creating prefix script '/home/wx/wx_ros_class_ws/src/my_class_pkg/install/local_setup.sh'
[1.015s] INFO:colcon.colcon_core.shell:Creating prefix util module '/home/wx/wx_ros_class_ws/src/my_class_pkg/install/_local_setup_util_sh.py'
[1.015s] INFO:colcon.colcon_core.shell:Creating prefix chain script '/home/wx/wx_ros_class_ws/src/my_class_pkg/install/setup.sh'
[1.016s] INFO:colcon.colcon_core.shell:Creating prefix script '/home/wx/wx_ros_class_ws/src/my_class_pkg/install/local_setup.bash'
[1.016s] INFO:colcon.colcon_core.shell:Creating prefix chain script '/home/wx/wx_ros_class_ws/src/my_class_pkg/install/setup.bash'
[1.017s] INFO:colcon.colcon_core.shell:Creating prefix script '/home/wx/wx_ros_class_ws/src/my_class_pkg/install/local_setup.zsh'
[1.017s] INFO:colcon.colcon_core.shell:Creating prefix chain script '/home/wx/wx_ros_class_ws/src/my_class_pkg/install/setup.zsh'
